==============================================================================
Single-problem decomposition (OBM and OBM-RR)
  prob_seed=0  dir_seed=1  traj_seed=2
  d=5  n_states=10  eig in [0.1,0.6]  noise_target=0.35
  n_traj=1000  traj_chunk=200
  PR: c0=200.0 k0=20000.0 gamma=0.65
  T_list=[10000, 30000, 100000, 300000, 1000000]  lam_list=[2.0, 3.0, 4.0]
  bn_points=40 in T^[0.2,0.9]
  sigma^2_inf (analytic) = 5.530043e+00
==============================================================================

=== T=10000 ===
  bn_list (36 pts): 6..2000
  all_b (134 OBM evals): 6..8000
    chunk   200/1000  (200 traj)     5.9s
    chunk   400/1000  (200 traj)     5.7s
    chunk   600/1000  (200 traj)     5.5s
    chunk   800/1000  (200 traj)     6.3s
    chunk  1000/1000  (200 traj)     6.2s
  T=10000 done in 29.6s

=== T=30000 ===
  bn_list (37 pts): 7..6000
  all_b (147 OBM evals): 7..24000
    chunk   200/1000  (200 traj)    20.2s
    chunk   400/1000  (200 traj)    19.6s
    chunk   600/1000  (200 traj)    21.7s
    chunk   800/1000  (200 traj)    19.6s
    chunk  1000/1000  (200 traj)    19.6s
  T=30000 done in 100.6s

=== T=100000 ===
  bn_list (38 pts): 10..20000
  all_b (148 OBM evals): 10..80000
    chunk   200/1000  (200 traj)    69.5s
    chunk   400/1000  (200 traj)    68.8s
    chunk   600/1000  (200 traj)    67.3s
    chunk   800/1000  (200 traj)    67.8s
    chunk  1000/1000  (200 traj)    68.6s
  T=100000 done in 342.0s

=== T=300000 ===
  bn_list (39 pts): 12..60000
  all_b (144 OBM evals): 12..240000
    chunk   200/1000  (200 traj)   198.7s
    chunk   400/1000  (200 traj)   201.1s
    chunk   600/1000  (200 traj)   202.4s
    chunk   800/1000  (200 traj)   203.6s
    chunk  1000/1000  (200 traj)   207.0s
  T=300000 done in 1012.9s

=== T=1000000 ===
  bn_list (40 pts): 15..200000
  all_b (159 OBM evals): 15..800000
    chunk   200/1000  (200 traj)   748.8s
    chunk   400/1000  (200 traj)   755.3s
    chunk   600/1000  (200 traj)   751.1s
    chunk   800/1000  (200 traj)   755.2s
    chunk  1000/1000  (200 traj)   764.9s
  T=1000000 done in 3775.4s

==============================================================================
BEST-MSE (over swept b) per (T, estimator)
==============================================================================
         T         method      b*   b/T^e        bias         var         mse
------------------------------------------------------------------------------
     10000            OBM     172   0.559  -5.879e-01   6.635e-01   1.008e+00
     10000    OBM_RR(λ=2)      38   0.395  -2.751e-01   5.170e-01   5.922e-01
     10000    OBM_RR(λ=3)      27   0.358  -3.907e-01   4.651e-01   6.172e-01
     10000    OBM_RR(λ=4)      23   0.340  -3.911e-01   4.892e-01   6.417e-01
     30000            OBM     264   0.541  -4.434e-01   3.422e-01   5.384e-01
     30000    OBM_RR(λ=2)      50   0.379  -2.245e-01   2.363e-01   2.865e-01
     30000    OBM_RR(λ=3)      41   0.360  -2.181e-01   2.535e-01   3.008e-01
     30000    OBM_RR(λ=4)      34   0.342  -2.440e-01   2.566e-01   3.159e-01
    100000            OBM     623   0.559  -3.072e-01   2.297e-01   3.238e-01
    100000    OBM_RR(λ=2)      97   0.397  -1.261e-01   1.322e-01   1.480e-01
    100000    OBM_RR(λ=3)      78   0.378  -1.362e-01   1.365e-01   1.549e-01
    100000    OBM_RR(λ=4)      64   0.361  -1.635e-01   1.355e-01   1.621e-01
    300000            OBM    1152   0.559  -2.729e-01   1.471e-01   2.215e-01
    300000    OBM_RR(λ=2)     188   0.415  -9.892e-02   9.224e-02   1.019e-01
    300000    OBM_RR(λ=3)     150   0.397  -1.115e-01   9.414e-02   1.065e-01
    300000    OBM_RR(λ=4)     119   0.379  -1.517e-01   9.020e-02   1.131e-01
   1000000            OBM    2894   0.577  -2.339e-01   1.131e-01   1.677e-01
   1000000    OBM_RR(λ=2)     398   0.433  -1.159e-01   5.834e-02   7.171e-02
   1000000    OBM_RR(λ=3)     310   0.415  -1.382e-01   5.805e-02   7.708e-02
   1000000    OBM_RR(λ=4)     310   0.415  -8.522e-02   7.114e-02   7.834e-02

Saved 760 rows to results/lugsail_decomp_lab.csv
